<?xml version="1.0" encoding="UTF-8"?>
<coverage generated="1680321568455" clover="3.2.0">
  <project timestamp="1680321568455" name="All files">
    <metrics statements="22" coveredstatements="16" conditionals="11" coveredconditionals="4" methods="5" coveredmethods="5" elements="38" coveredelements="25" complexity="0" loc="22" ncloc="22" packages="2" files="2" classes="2"/>
    <package name="enums">
      <metrics statements="8" coveredstatements="8" conditionals="4" coveredconditionals="4" methods="2" coveredmethods="2"/>
      <file name="greetings.enum.ts" path="/home/jessie/Documents/Portafolio/Custom-WhatsApp-NodeJS-TypeScript/src/enums/greetings.enum.ts">
        <metrics statements="8" coveredstatements="8" conditionals="4" coveredconditionals="4" methods="2" coveredmethods="2"/>
        <line num="1" count="1" type="cond" truecount="2" falsecount="0"/>
        <line num="2" count="1" type="stmt"/>
        <line num="3" count="1" type="stmt"/>
        <line num="4" count="1" type="stmt"/>
        <line num="7" count="1" type="cond" truecount="2" falsecount="0"/>
        <line num="8" count="1" type="stmt"/>
        <line num="9" count="1" type="stmt"/>
        <line num="10" count="1" type="stmt"/>
      </file>
    </package>
    <package name="utils">
      <metrics statements="14" coveredstatements="8" conditionals="7" coveredconditionals="0" methods="3" coveredmethods="3"/>
      <file name="others.handle.ts" path="/home/jessie/Documents/Portafolio/Custom-WhatsApp-NodeJS-TypeScript/src/utils/others.handle.ts">
        <metrics statements="14" coveredstatements="8" conditionals="7" coveredconditionals="0" methods="3" coveredmethods="3"/>
        <line num="4" count="1" type="stmt"/>
        <line num="5" count="1" type="stmt"/>
        <line num="11" count="1" type="stmt"/>
        <line num="12" count="1" type="stmt"/>
        <line num="14" count="1" type="stmt"/>
        <line num="15" count="3" type="stmt"/>
        <line num="30" count="3" type="stmt"/>
        <line num="31" count="0" type="stmt"/>
        <line num="33" count="0" type="cond" truecount="0" falsecount="4"/>
        <line num="34" count="0" type="stmt"/>
        <line num="35" count="0" type="cond" truecount="0" falsecount="3"/>
        <line num="36" count="0" type="stmt"/>
        <line num="38" count="0" type="stmt"/>
        <line num="41" count="1" type="stmt"/>
      </file>
    </package>
  </project>
</coverage>
