<?xml version="1.0" encoding="UTF-8"?>
<coverage generated="1680122479868" clover="3.2.0">
  <project timestamp="1680122479868" name="All files">
    <metrics statements="12" coveredstatements="11" conditionals="7" coveredconditionals="7" methods="2" coveredmethods="1" elements="21" coveredelements="19" complexity="0" loc="12" ncloc="12" packages="1" files="1" classes="1"/>
    <file name="others.handle.ts" path="/home/jessie/Documents/Portafolio/Custom-WhatsApp-NodeJS-TypeScript/src/utils/others.handle.ts">
      <metrics statements="12" coveredstatements="11" conditionals="7" coveredconditionals="7" methods="2" coveredmethods="1"/>
      <line num="5" count="1" type="stmt"/>
      <line num="6" count="0" type="stmt"/>
      <line num="12" count="1" type="stmt"/>
      <line num="13" count="3" type="stmt"/>
      <line num="28" count="3" type="stmt"/>
      <line num="29" count="3" type="stmt"/>
      <line num="31" count="3" type="cond" truecount="4" falsecount="0"/>
      <line num="32" count="1" type="stmt"/>
      <line num="33" count="2" type="cond" truecount="3" falsecount="0"/>
      <line num="34" count="1" type="stmt"/>
      <line num="36" count="1" type="stmt"/>
      <line num="39" count="1" type="stmt"/>
    </file>
  </project>
</coverage>
