{"/home/jessie/Documents/Portafolio/Custom-WhatsApp-NodeJS-TypeScript/src/enums/greetings.enum.ts": {"path":"/home/jessie/Documents/Portafolio/Custom-WhatsApp-NodeJS-TypeScript/src/enums/greetings.enum.ts","statementMap":{"0":{"start":{"line":1,"column":0},"end":{"line":1,"column":null}},"1":{"start":{"line":2,"column":2},"end":{"line":2,"column":null}},"2":{"start":{"line":3,"column":2},"end":{"line":3,"column":null}},"3":{"start":{"line":4,"column":2},"end":{"line":4,"column":null}},"4":{"start":{"line":7,"column":0},"end":{"line":7,"column":null}},"5":{"start":{"line":8,"column":2},"end":{"line":8,"column":null}},"6":{"start":{"line":9,"column":2},"end":{"line":9,"column":null}},"7":{"start":{"line":10,"column":2},"end":{"line":10,"column":null}}},"fnMap":{"0":{"name":"(anonymous_0)","decl":{"start":{"line":1,"column":0},"end":{"line":1,"column":12}},"loc":{"start":{"line":1,"column":21},"end":{"line":5,"column":1}}},"1":{"name":"(anonymous_1)","decl":{"start":{"line":7,"column":0},"end":{"line":7,"column":12}},"loc":{"start":{"line":7,"column":29},"end":{"line":11,"column":1}}}},"branchMap":{"0":{"loc":{"start":{"line":1,"column":12},"end":{"line":1,"column":null}},"type":"binary-expr","locations":[{"start":{"line":1,"column":12},"end":{"line":1,"column":21}},{"start":{"line":1,"column":12},"end":{"line":1,"column":null}}]},"1":{"loc":{"start":{"line":7,"column":12},"end":{"line":7,"column":null}},"type":"binary-expr","locations":[{"start":{"line":7,"column":12},"end":{"line":7,"column":29}},{"start":{"line":7,"column":12},"end":{"line":7,"column":null}}]}},"s":{"0":1,"1":1,"2":1,"3":1,"4":1,"5":1,"6":1,"7":1},"f":{"0":1,"1":1},"b":{"0":[1,1],"1":[1,1]}}
,"/home/jessie/Documents/Portafolio/Custom-WhatsApp-NodeJS-TypeScript/src/utils/others.handle.ts": {"path":"/home/jessie/Documents/Portafolio/Custom-WhatsApp-NodeJS-TypeScript/src/utils/others.handle.ts","statementMap":{"0":{"start":{"line":4,"column":19},"end":{"line":9,"column":1}},"1":{"start":{"line":5,"column":2},"end":{"line":8,"column":4}},"2":{"start":{"line":41,"column":9},"end":{"line":41,"column":19}},"3":{"start":{"line":11,"column":23},"end":{"line":13,"column":1}},"4":{"start":{"line":12,"column":2},"end":{"line":12,"column":69}},"5":{"start":{"line":41,"column":30},"end":{"line":41,"column":44}},"6":{"start":{"line":14,"column":16},"end":{"line":39,"column":1}},"7":{"start":{"line":15,"column":17},"end":{"line":28,"column":4}},"8":{"start":{"line":30,"column":14},"end":{"line":30,"column":24}},"9":{"start":{"line":31,"column":26},"end":{"line":31,"column":72}},"10":{"start":{"line":33,"column":2},"end":{"line":37,"column":null}},"11":{"start":{"line":34,"column":4},"end":{"line":34,"column":21}},"12":{"start":{"line":35,"column":9},"end":{"line":37,"column":null}},"13":{"start":{"line":36,"column":4},"end":{"line":36,"column":23}},"14":{"start":{"line":38,"column":2},"end":{"line":38,"column":17}},"15":{"start":{"line":41,"column":21},"end":{"line":41,"column":28}}},"fnMap":{"0":{"name":"(anonymous_0)","decl":{"start":{"line":4,"column":19},"end":{"line":4,"column":20}},"loc":{"start":{"line":4,"column":46},"end":{"line":9,"column":1}}},"1":{"name":"(anonymous_1)","decl":{"start":{"line":11,"column":23},"end":{"line":11,"column":24}},"loc":{"start":{"line":11,"column":85},"end":{"line":13,"column":1}}},"2":{"name":"(anonymous_2)","decl":{"start":{"line":14,"column":16},"end":{"line":14,"column":27}},"loc":{"start":{"line":14,"column":29},"end":{"line":39,"column":1}}}},"branchMap":{"0":{"loc":{"start":{"line":33,"column":2},"end":{"line":37,"column":null}},"type":"if","locations":[{"start":{"line":33,"column":2},"end":{"line":37,"column":null}},{"start":{"line":35,"column":9},"end":{"line":37,"column":null}}]},"1":{"loc":{"start":{"line":33,"column":6},"end":{"line":33,"column":86}},"type":"binary-expr","locations":[{"start":{"line":33,"column":6},"end":{"line":33,"column":45}},{"start":{"line":33,"column":49},"end":{"line":33,"column":86}}]},"2":{"loc":{"start":{"line":35,"column":9},"end":{"line":37,"column":null}},"type":"if","locations":[{"start":{"line":35,"column":9},"end":{"line":37,"column":null}}]},"3":{"loc":{"start":{"line":35,"column":13},"end":{"line":35,"column":97}},"type":"binary-expr","locations":[{"start":{"line":35,"column":13},"end":{"line":35,"column":54}},{"start":{"line":35,"column":58},"end":{"line":35,"column":97}}]}},"s":{"0":1,"1":1,"2":1,"3":1,"4":1,"5":1,"6":1,"7":3,"8":3,"9":0,"10":0,"11":0,"12":0,"13":0,"14":0,"15":1},"f":{"0":1,"1":1,"2":3},"b":{"0":[0,0],"1":[0,0],"2":[0],"3":[0,0]}}
}
