{"/home/jessie/Documents/Portafolio/Custom-WhatsApp-NodeJS-TypeScript/src/utils/others.handle.ts": {"path":"/home/jessie/Documents/Portafolio/Custom-WhatsApp-NodeJS-TypeScript/src/utils/others.handle.ts","statementMap":{"0":{"start":{"line":5,"column":19},"end":{"line":10,"column":1}},"1":{"start":{"line":6,"column":2},"end":{"line":9,"column":4}},"2":{"start":{"line":39,"column":9},"end":{"line":39,"column":19}},"3":{"start":{"line":12,"column":16},"end":{"line":37,"column":1}},"4":{"start":{"line":13,"column":17},"end":{"line":26,"column":4}},"5":{"start":{"line":28,"column":14},"end":{"line":28,"column":24}},"6":{"start":{"line":29,"column":26},"end":{"line":29,"column":72}},"7":{"start":{"line":31,"column":2},"end":{"line":35,"column":null}},"8":{"start":{"line":32,"column":4},"end":{"line":32,"column":21}},"9":{"start":{"line":33,"column":9},"end":{"line":35,"column":null}},"10":{"start":{"line":34,"column":4},"end":{"line":34,"column":23}},"11":{"start":{"line":36,"column":2},"end":{"line":36,"column":17}},"12":{"start":{"line":39,"column":21},"end":{"line":39,"column":28}}},"fnMap":{"0":{"name":"(anonymous_0)","decl":{"start":{"line":5,"column":19},"end":{"line":5,"column":20}},"loc":{"start":{"line":5,"column":46},"end":{"line":10,"column":1}}},"1":{"name":"(anonymous_1)","decl":{"start":{"line":12,"column":16},"end":{"line":12,"column":27}},"loc":{"start":{"line":12,"column":29},"end":{"line":37,"column":1}}}},"branchMap":{"0":{"loc":{"start":{"line":31,"column":2},"end":{"line":35,"column":null}},"type":"if","locations":[{"start":{"line":31,"column":2},"end":{"line":35,"column":null}},{"start":{"line":33,"column":9},"end":{"line":35,"column":null}}]},"1":{"loc":{"start":{"line":31,"column":6},"end":{"line":31,"column":86}},"type":"binary-expr","locations":[{"start":{"line":31,"column":6},"end":{"line":31,"column":45}},{"start":{"line":31,"column":49},"end":{"line":31,"column":86}}]},"2":{"loc":{"start":{"line":33,"column":9},"end":{"line":35,"column":null}},"type":"if","locations":[{"start":{"line":33,"column":9},"end":{"line":35,"column":null}}]},"3":{"loc":{"start":{"line":33,"column":13},"end":{"line":33,"column":97}},"type":"binary-expr","locations":[{"start":{"line":33,"column":13},"end":{"line":33,"column":54}},{"start":{"line":33,"column":58},"end":{"line":33,"column":97}}]}},"s":{"0":1,"1":0,"2":1,"3":1,"4":3,"5":3,"6":3,"7":3,"8":1,"9":2,"10":1,"11":1,"12":1},"f":{"0":0,"1":3},"b":{"0":[1,2],"1":[3,3],"2":[1],"3":[2,2]}}
}
